
Oct 04, 2021 01:55:48.15 NEW SESSION
Oct 04, 2021 01:55:48.15 [15108:21176:1004/015548.013:ERROR:chrome_browser_main_extra_parts_metrics.cc(230)] crbug.com/1216328: Checking Bluetooth availability started. Please report if there is no report that this ends.
Oct 04, 2021 01:55:48.16 [15108:21176:1004/015548.013:ERROR:chrome_browser_main_extra_parts_metrics.cc(233)] crbug.com/1216328: Checking Bluetooth availability ended.
Oct 04, 2021 01:55:48.17 [15108:21176:1004/015548.013:ERROR:chrome_browser_main_extra_parts_metrics.cc(236)] crbug.com/1216328: Checking default browser status started. Please report if there is no report that this ends.
Oct 04, 2021 01:55:48.19 [15108:21176:1004/015548.018:ERROR:chrome_browser_main_extra_parts_metrics.cc(240)] crbug.com/1216328: Checking default browser status ended.
Oct 04, 2021 01:55:48.25 [15108:2084:1004/015548.025:ERROR:device_event_log_impl.cc(214)] [01:55:48.025] USB: usb_device_handle_win.cc:1048 Failed to read descriptor from node connection: A device attached to the system is not functioning. (0x1F)
Oct 04, 2021 01:55:48.26 [15108:2084:1004/015548.026:ERROR:device_event_log_impl.cc(214)] [01:55:48.026] USB: usb_device_handle_win.cc:1048 Failed to read descriptor from node connection: A device attached to the system is not functioning. (0x1F)
Oct 04, 2021 01:55:48.26 [15108:2084:1004/015548.026:ERROR:device_event_log_impl.cc(214)] [01:55:48.026] USB: usb_device_handle_win.cc:1048 Failed to read descriptor from node connection: A device attached to the system is not functioning. (0x1F)
Oct 04, 2021 01:55:48.27 [15108:2084:1004/015548.027:ERROR:device_event_log_impl.cc(214)] [01:55:48.027] USB: usb_device_handle_win.cc:1048 Failed to read descriptor from node connection: A device attached to the system is not functioning. (0x1F)

Oct 15, 2021 23:54:06.303 NEW SESSION
Oct 15, 2021 23:54:06.303 [2448:9200:1015/235406.300:ERROR:chrome_browser_main_extra_parts_metrics.cc(226)] crbug.com/1216328: Checking Bluetooth availability started. Please report if there is no report that this ends.
Oct 15, 2021 23:54:06.303 [2448:9200:1015/235406.301:ERROR:chrome_browser_main_extra_parts_metrics.cc(229)] crbug.com/1216328: Checking Bluetooth availability ended.
Oct 15, 2021 23:54:06.304 [2448:9200:1015/235406.301:ERROR:chrome_browser_main_extra_parts_metrics.cc(232)] crbug.com/1216328: Checking default browser status started. Please report if there is no report that this ends.
Oct 15, 2021 23:54:06.308 [2448:9200:1015/235406.307:ERROR:chrome_browser_main_extra_parts_metrics.cc(236)] crbug.com/1216328: Checking default browser status ended.
Oct 15, 2021 23:54:06.314 [2448:3740:1015/235406.314:ERROR:device_event_log_impl.cc(214)] [23:54:06.314] USB: usb_device_handle_win.cc:1048 Failed to read descriptor from node connection: A device attached to the system is not functioning. (0x1F)
Oct 15, 2021 23:54:06.315 [2448:3740:1015/235406.315:ERROR:device_event_log_impl.cc(214)] [23:54:06.315] USB: usb_device_handle_win.cc:1048 Failed to read descriptor from node connection: A device attached to the system is not functioning. (0x1F)
Oct 15, 2021 23:54:06.316 [2448:3740:1015/235406.316:ERROR:device_event_log_impl.cc(214)] [23:54:06.315] USB: usb_device_handle_win.cc:1048 Failed to read descriptor from node connection: A device attached to the system is not functioning. (0x1F)
Oct 15, 2021 23:54:40.222 [22960:10904:1015/235440.222:ERROR:chrome_browser_main_extra_parts_metrics.cc(226)] crbug.com/1216328: Checking Bluetooth availability started. Please report if there is no report that this ends.
Oct 15, 2021 23:54:40.223 [22960:10904:1015/235440.222:ERROR:chrome_browser_main_extra_parts_metrics.cc(229)] crbug.com/1216328: Checking Bluetooth availability ended.
Oct 15, 2021 23:54:40.224 [22960:10904:1015/235440.222:ERROR:chrome_browser_main_extra_parts_metrics.cc(232)] crbug.com/1216328: Checking default browser status started. Please report if there is no report that this ends.
Oct 15, 2021 23:54:40.229 [22960:20076:1015/235440.228:ERROR:device_event_log_impl.cc(214)] [23:54:40.228] USB: usb_device_handle_win.cc:1048 Failed to read descriptor from node connection: A device attached to the system is not functioning. (0x1F)
Oct 15, 2021 23:54:40.231 [22960:20076:1015/235440.230:ERROR:device_event_log_impl.cc(214)] [23:54:40.230] USB: usb_device_handle_win.cc:1048 Failed to read descriptor from node connection: A device attached to the system is not functioning. (0x1F)
Oct 15, 2021 23:54:40.233 [22960:10904:1015/235440.233:ERROR:chrome_browser_main_extra_parts_metrics.cc(236)] crbug.com/1216328: Checking default browser status ended.
Oct 15, 2021 23:54:40.234 [22960:20076:1015/235440.233:ERROR:device_event_log_impl.cc(214)] [23:54:40.233] USB: usb_device_handle_win.cc:1048 Failed to read descriptor from node connection: A device attached to the system is not functioning. (0x1F)
Oct 15, 2021 23:55:13.847 [8824:4532:1015/235513.846:ERROR:chrome_browser_main_extra_parts_metrics.cc(226)] crbug.com/1216328: Checking Bluetooth availability started. Please report if there is no report that this ends.
Oct 15, 2021 23:55:13.847 [8824:4532:1015/235513.846:ERROR:chrome_browser_main_extra_parts_metrics.cc(229)] crbug.com/1216328: Checking Bluetooth availability ended.
Oct 15, 2021 23:55:13.848 [8824:4532:1015/235513.846:ERROR:chrome_browser_main_extra_parts_metrics.cc(232)] crbug.com/1216328: Checking default browser status started. Please report if there is no report that this ends.
Oct 15, 2021 23:55:13.851 [8824:4532:1015/235513.851:ERROR:chrome_browser_main_extra_parts_metrics.cc(236)] crbug.com/1216328: Checking default browser status ended.
Oct 15, 2021 23:55:13.853 [8824:14264:1015/235513.852:ERROR:device_event_log_impl.cc(214)] [23:55:13.852] USB: usb_device_handle_win.cc:1048 Failed to read descriptor from node connection: A device attached to the system is not functioning. (0x1F)
Oct 15, 2021 23:55:13.854 [8824:14264:1015/235513.854:ERROR:device_event_log_impl.cc(214)] [23:55:13.854] USB: usb_device_handle_win.cc:1048 Failed to read descriptor from node connection: A device attached to the system is not functioning. (0x1F)
Oct 15, 2021 23:55:13.856 [8824:14264:1015/235513.856:ERROR:device_event_log_impl.cc(214)] [23:55:13.856] USB: usb_device_handle_win.cc:1048 Failed to read descriptor from node connection: A device attached to the system is not functioning. (0x1F)
Oct 16, 2021 24:00:06.869 [20440:2108:1016/000006.869:ERROR:chrome_browser_main_extra_parts_metrics.cc(226)] crbug.com/1216328: Checking Bluetooth availability started. Please report if there is no report that this ends.
Oct 16, 2021 24:00:06.870 [20440:2108:1016/000006.869:ERROR:chrome_browser_main_extra_parts_metrics.cc(229)] crbug.com/1216328: Checking Bluetooth availability ended.
Oct 16, 2021 24:00:06.871 [20440:2108:1016/000006.869:ERROR:chrome_browser_main_extra_parts_metrics.cc(232)] crbug.com/1216328: Checking default browser status started. Please report if there is no report that this ends.
Oct 16, 2021 24:00:06.876 [20440:24316:1016/000006.876:ERROR:device_event_log_impl.cc(214)] [00:00:06.876] USB: usb_device_handle_win.cc:1048 Failed to read descriptor from node connection: A device attached to the system is not functioning. (0x1F)
Oct 16, 2021 24:00:06.877 [20440:2108:1016/000006.876:ERROR:chrome_browser_main_extra_parts_metrics.cc(236)] crbug.com/1216328: Checking default browser status ended.
Oct 16, 2021 24:00:06.877 [20440:24316:1016/000006.877:ERROR:device_event_log_impl.cc(214)] [00:00:06.877] USB: usb_device_handle_win.cc:1048 Failed to read descriptor from node connection: A device attached to the system is not functioning. (0x1F)
Oct 16, 2021 24:00:06.880 [20440:24316:1016/000006.880:ERROR:device_event_log_impl.cc(214)] [00:00:06.880] USB: usb_device_handle_win.cc:1048 Failed to read descriptor from node connection: A device attached to the system is not functioning. (0x1F)

Oct 17, 2021 13:44:12.853 NEW SESSION
Oct 17, 2021 13:44:12.853 [17924:17020:1017/134412.851:ERROR:chrome_browser_main_extra_parts_metrics.cc(226)] crbug.com/1216328: Checking Bluetooth availability started. Please report if there is no report that this ends.
Oct 17, 2021 13:44:12.860 [17924:11936:1017/134412.860:ERROR:device_event_log_impl.cc(214)] [13:44:12.860] USB: usb_device_handle_win.cc:1048 Failed to read descriptor from node connection: A device attached to the system is not functioning. (0x1F)
Oct 17, 2021 13:44:12.860 [17924:11936:1017/134412.860:ERROR:device_event_log_impl.cc(214)] [13:44:12.860] USB: usb_device_handle_win.cc:1048 Failed to read descriptor from node connection: A device attached to the system is not functioning. (0x1F)
Oct 17, 2021 13:44:12.861 [17924:11936:1017/134412.860:ERROR:device_event_log_impl.cc(214)] [13:44:12.860] USB: usb_device_handle_win.cc:1048 Failed to read descriptor from node connection: A device attached to the system is not functioning. (0x1F)
Oct 17, 2021 13:44:12.861 [17924:11936:1017/134412.861:ERROR:device_event_log_impl.cc(214)] [13:44:12.861] USB: usb_device_handle_win.cc:1048 Failed to read descriptor from node connection: A device attached to the system is not functioning. (0x1F)
Oct 17, 2021 13:44:12.865 [17924:17020:1017/134412.865:ERROR:chrome_browser_main_extra_parts_metrics.cc(229)] crbug.com/1216328: Checking Bluetooth availability ended.
Oct 17, 2021 13:44:12.865 [17924:17020:1017/134412.865:ERROR:chrome_browser_main_extra_parts_metrics.cc(232)] crbug.com/1216328: Checking default browser status started. Please report if there is no report that this ends.
Oct 17, 2021 13:44:12.869 [17924:17020:1017/134412.869:ERROR:chrome_browser_main_extra_parts_metrics.cc(236)] crbug.com/1216328: Checking default browser status ended.
Oct 17, 2021 16:14:51.958 [17924:11936:1017/161451.958:ERROR:device_event_log_impl.cc(214)] [16:14:51.956] USB: usb_service_win.cc:261 Failed to get device driver name: Element not found. (0x490)
